06-04 20:19:17.730|INFO |SuccessStory#PluginDatabaseObject`4:LoadDatabase with 0 items - 00:00.26
06-04 20:19:17.884|INFO |SuccessStory#<>c:ExophaseAchievements Initialization
06-04 20:19:17.884|INFO |SuccessStory#<>c:SteamApi Initialization
06-04 20:19:17.884|INFO |SuccessStory#<>c:GogApi Initialization
06-04 20:19:17.884|INFO |SuccessStory#<>c:EpicApi Initialization
06-04 20:19:17.884|INFO |SuccessStory#<>c:GameJoltApi Initialization
06-04 20:19:17.900|INFO |SuccessStory#<<OnApplicationStarted>b__70_0>d:All API initializations completed
06-04 20:19:47.422|ERROR|SuccessStory#Xbox360Achievements:Xbox360: Xenia path is null or empty
06-04 20:19:47.422|INFO |SuccessStory#Xbox360Achievements:Xbox360Achievements initialized with Xenia path: 
06-04 20:20:53.591|INFO |SuccessStory#PluginDatabaseObject`4:LoadDatabase with 0 items - 00:00.32
06-04 20:20:53.777|INFO |SuccessStory#<>c:ExophaseAchievements Initialization
06-04 20:20:53.777|INFO |SuccessStory#<>c:SteamApi Initialization
06-04 20:20:53.777|INFO |SuccessStory#<>c:GameJoltApi Initialization
06-04 20:20:53.777|INFO |SuccessStory#<>c:GogApi Initialization
06-04 20:20:53.777|INFO |SuccessStory#<>c:EpicApi Initialization
06-04 20:20:53.777|INFO |SuccessStory#<<OnApplicationStarted>b__70_0>d:All API initializations completed
06-04 20:21:04.506|ERROR|SuccessStory#Xbox360Achievements:Xbox360: Xenia path is null or empty
06-04 20:21:04.506|INFO |SuccessStory#Xbox360Achievements:Xbox360Achievements initialized with Xenia path: 
06-04 20:24:52.582|INFO |SuccessStory#PluginDatabaseObject`4:LoadDatabase with 0 items - 00:00.27
06-04 20:24:52.757|INFO |SuccessStory#<>c:ExophaseAchievements Initialization
06-04 20:24:52.757|INFO |SuccessStory#<>c:GameJoltApi Initialization
06-04 20:24:52.757|INFO |SuccessStory#<>c:SteamApi Initialization
06-04 20:24:52.757|INFO |SuccessStory#<>c:GogApi Initialization
06-04 20:24:52.757|INFO |SuccessStory#<>c:EpicApi Initialization
06-04 20:24:52.766|INFO |SuccessStory#<<OnApplicationStarted>b__70_0>d:All API initializations completed
06-04 20:25:02.826|ERROR|SuccessStory#Xbox360Achievements:Xbox360: Xenia path is null or empty
06-04 20:25:02.826|INFO |SuccessStory#Xbox360Achievements:Xbox360Achievements initialized with Xenia path: 
06-04 20:56:28.409|INFO |SuccessStory#PluginDatabaseObject`4:LoadDatabase with 0 items - 00:00.27
06-04 20:56:28.553|INFO |BlankPlugin#BlankPlugin:BlankPlugin started.
06-04 20:56:28.553|INFO |SuccessStory#<>c:ExophaseAchievements Initialization
06-04 20:56:28.553|INFO |SuccessStory#<>c:SteamApi Initialization
06-04 20:56:28.553|INFO |SuccessStory#<>c:GogApi Initialization
06-04 20:56:28.553|INFO |SuccessStory#<>c:GameJoltApi Initialization
06-04 20:56:28.553|INFO |SuccessStory#<>c:EpicApi Initialization
06-04 20:56:28.562|INFO |SuccessStory#<<OnApplicationStarted>b__70_0>d:All API initializations completed
06-04 20:56:43.485|ERROR|SuccessStory#Xbox360Achievements:Xbox360: Xenia path is null or empty
06-04 20:56:43.485|INFO |SuccessStory#Xbox360Achievements:Xbox360Achievements initialized with Xenia path: 
06-04 20:59:11.605|INFO |BlankPlugin#BlankPlugin:BlankPlugin stopped.
06-04 20:59:13.608|INFO |SuccessStory#PluginDatabaseObject`4:LoadDatabase with 0 items - 00:00.31
06-04 20:59:13.798|INFO |BlankPlugin#BlankPlugin:BlankPlugin started.
06-04 20:59:13.798|INFO |SuccessStory#<>c:ExophaseAchievements Initialization
06-04 20:59:13.798|INFO |SuccessStory#<>c:SteamApi Initialization
06-04 20:59:13.798|INFO |SuccessStory#<>c:GogApi Initialization
06-04 20:59:13.798|INFO |SuccessStory#<>c:GameJoltApi Initialization
06-04 20:59:13.798|INFO |SuccessStory#<>c:EpicApi Initialization
06-04 20:59:13.798|INFO |SuccessStory#<<OnApplicationStarted>b__70_0>d:All API initializations completed
06-04 21:04:23.672|INFO |BlankPlugin#BlankPlugin:BlankPlugin stopped.
06-04 21:04:25.695|INFO |SuccessStory#PluginDatabaseObject`4:LoadDatabase with 0 items - 00:00.31
06-04 21:04:25.884|INFO |BlankPlugin#BlankPlugin:BlankPlugin started.
06-04 21:04:25.887|INFO |SuccessStory#<>c:ExophaseAchievements Initialization
06-04 21:04:25.887|INFO |SuccessStory#<>c:EpicApi Initialization
06-04 21:04:25.887|INFO |SuccessStory#<>c:GogApi Initialization
06-04 21:04:25.887|INFO |SuccessStory#<>c:SteamApi Initialization
06-04 21:04:25.887|INFO |SuccessStory#<>c:GameJoltApi Initialization
06-04 21:04:25.887|INFO |SuccessStory#<<OnApplicationStarted>b__70_0>d:All API initializations completed
06-04 21:06:28.608|INFO |BlankPlugin#BlankPlugin:BlankPlugin stopped.
06-04 21:06:31.200|INFO |SuccessStory#PluginDatabaseObject`4:LoadDatabase with 0 items - 00:00.31
06-04 21:06:31.387|INFO |BlankPlugin#BlankPlugin:BlankPlugin started.
06-04 21:06:31.387|INFO |SuccessStory#<>c:ExophaseAchievements Initialization
06-04 21:06:31.387|INFO |SuccessStory#<>c:SteamApi Initialization
06-04 21:06:31.387|INFO |SuccessStory#<>c:GameJoltApi Initialization
06-04 21:06:31.387|INFO |SuccessStory#<>c:EpicApi Initialization
06-04 21:06:31.387|INFO |SuccessStory#<>c:GogApi Initialization
06-04 21:06:31.387|INFO |SuccessStory#<<OnApplicationStarted>b__70_0>d:All API initializations completed
06-04 21:46:51.386|INFO |BlankPlugin#BlankPlugin:BlankPlugin stopped.
06-04 21:46:53.347|INFO |SuccessStory#PluginDatabaseObject`4:LoadDatabase with 0 items - 00:00.34
06-04 21:46:53.539|INFO |BlankPlugin#BlankPlugin:BlankPlugin started.
06-04 21:46:53.539|INFO |SuccessStory#<>c:ExophaseAchievements Initialization
06-04 21:46:53.539|INFO |SuccessStory#<>c:GogApi Initialization
06-04 21:46:53.539|INFO |SuccessStory#<>c:EpicApi Initialization
06-04 21:46:53.539|INFO |SuccessStory#<>c:SteamApi Initialization
06-04 21:46:53.539|INFO |SuccessStory#<>c:GameJoltApi Initialization
06-04 21:46:53.544|INFO |SuccessStory#<<OnApplicationStarted>b__70_0>d:All API initializations completed
06-04 21:53:02.807|INFO |BlankPlugin#BlankPlugin:BlankPlugin stopped.
06-04 21:53:04.938|INFO |SuccessStory#PluginDatabaseObject`4:LoadDatabase with 0 items - 00:00.34
06-04 21:53:05.131|INFO |BlankPlugin#BlankPlugin:BlankPlugin started.
06-04 21:53:05.131|INFO |SuccessStory#<>c:ExophaseAchievements Initialization
06-04 21:53:05.131|INFO |SuccessStory#<>c:EpicApi Initialization
06-04 21:53:05.131|INFO |SuccessStory#<>c:GogApi Initialization
06-04 21:53:05.131|INFO |SuccessStory#<>c:SteamApi Initialization
06-04 21:53:05.131|INFO |SuccessStory#<>c:GameJoltApi Initialization
06-04 21:53:05.137|INFO |SuccessStory#<<OnApplicationStarted>b__70_0>d:All API initializations completed
06-04 21:55:22.781|INFO |BlankPlugin#BlankPlugin:BlankPlugin stopped.
06-04 21:55:24.837|INFO |SuccessStory#PluginDatabaseObject`4:LoadDatabase with 0 items - 00:00.33
06-04 21:55:25.029|INFO |BlankPlugin#BlankPlugin:BlankPlugin started.
06-04 21:55:25.029|INFO |SuccessStory#<>c:ExophaseAchievements Initialization
06-04 21:55:25.029|INFO |SuccessStory#<>c:EpicApi Initialization
06-04 21:55:25.029|INFO |SuccessStory#<>c:GogApi Initialization
06-04 21:55:25.029|INFO |SuccessStory#<>c:SteamApi Initialization
06-04 21:55:25.029|INFO |SuccessStory#<>c:GameJoltApi Initialization
06-04 21:55:25.029|INFO |SuccessStory#<<OnApplicationStarted>b__70_0>d:All API initializations completed
06-04 22:36:15.570|INFO |BlankPlugin#BlankPlugin:BlankPlugin stopped.
06-04 22:36:17.836|INFO |SuccessStory#PluginDatabaseObject`4:LoadDatabase with 0 items - 00:00.34
06-04 22:36:18.013|INFO |BlankPlugin#BlankPlugin:BlankPlugin started.
06-04 22:36:18.013|INFO |SuccessStory#<>c:ExophaseAchievements Initialization
06-04 22:36:18.013|INFO |SuccessStory#<>c:EpicApi Initialization
06-04 22:36:18.013|INFO |SuccessStory#<>c:GogApi Initialization
06-04 22:36:18.013|INFO |SuccessStory#<>c:SteamApi Initialization
06-04 22:36:18.013|INFO |SuccessStory#<>c:GameJoltApi Initialization
06-04 22:36:18.013|INFO |SuccessStory#<<OnApplicationStarted>b__70_0>d:All API initializations completed
06-04 22:36:44.252|ERROR|SuccessStory#Xbox360Achievements:Xbox360: Xenia path is null or empty
06-04 22:36:44.252|INFO |SuccessStory#Xbox360Achievements:Xbox360Achievements initialized with Xenia path: 
